9 8
90551 90344
69309 69248
71794 70004
268019 267909
80933 80841
227881 227755
huaiqilaile
69129 68932
74566 74385
167483 166241
122447 122419
160300 160079
106380 105669
203428 203338
23591 23279
huaiqilaile
9400 9269
247577 247553
50793 50001
221770 221751
28516 28117
243723 243709
213028 212998
9848 9522
54277 54035
86436 84814
138264 137934
36306 33103
54479 53869
244369 244339
228777 228565
230447 230446
23039 21265
220134 220053
143288 142915
313883 313535
205085 204987
132748 132739
223627 223528
232800 232681
54461 54186
144709 144678
263273 262635
42521 42387
8700 8521
65536 62970
246519 246359
15171 14894
280144 280001
217034 216893
261269 261234
231992 231866
204423 203955
325395 325183
260020 259746
97678 96828
108447 108177
242127 241773
279624 279603
234243 233839
202889 202778
181305 181201
200272 200163
197397 197104
57672 57670
272387 272349
8173 7878
85567 85370
268700 268446
237204 237058
38344 38235
113578 112095
217223 217180
334148 334021
104766 104747
92846 92158
280603 280158
174218 174116
52613 52355
65812 65776
209097 208887
233676 233492
244537 244483
95316 95013
123629 123224
56853 56726
225247 225121
201790 201419
110514 109751
85341 85052
42250 42179
140116 139953
114503 114097
117334 117288
96751 94003
202441 202274
254719 254665
69535 69523
336957 336930
