709890 708335
875020 867919
6427638 6426237
8068816 8066940
2064942 2055884
3104844 3103169
1390723 1390613
1450286 1430011
1804860 1794558
3514915 3514771
763928 763879
6567804 6566824
8575356 8574768
5227760 5227313
8398958 8397816
920030 919344
541374 538510
699126 654793
1723062 1722754
3564338 3562199
2915766 2914920
2632366 2631568
2550928 2550125
7000802 6999995
1407720 1407032
-204736 -213710
471635 465912
6778099 6778028
4567896 4564729
11186974 11186648
320636 318026
5109938 5109256
5585410 5583395
5465124 5464477
5861812 5860829
4540601 4540550
2239076 2232850
3280704 3276974
8154558 8154511
5145535 5144978
1661428 1659915
4077006 4076192
1343867 1341897
200810 199077
8397078 8397026
4620524 4620372
4990194 4989412
759336 759108
700704 684160
6726356 6724324
283167 280677
6871516 6870650
huaiqilaile
2896708 2896124
2203123 2197130
5582329 5582166
3075680 3074661
4589894 4589178
2560523 2560464
5344289 5344266
4052597 4052355
6766282 6765681
6965054 6964648
5235183 5234726
3001815 3000724
5583873 5583641
2191838 2189622
3407528 3402852
991800 987191
6343702 6343185
2154281 2153659
4354502 4354482
3972024 3972007
4573388 4571112
9613132 9612169
3875628 3874743
1198945 1193147
752612 749394
452708 443293
1350940 1337280
6383454 6383341
6989708 6988652
6286724 6284829
2267318 2263288
524144 514232
2197615 2196752
3290289 3288946
4920172 4919538
1168847 1165821
3430576 3428655
6684418 6684323
3208758 3197319
2208680 2207600
10413077 10412947
937870 936088
302154 291022
4784476 4783890
4037892 4037607
2645275 2642361
8389932 8386968
1149424 1147361
2219346 2219288
701836 700155
6131243 6131128
8283648 8279747
8766779 8766637
13754816 13754808
2868606 2865813
10414252 10414150
2239722 2235576
15304272 15303928
2529684 2527420
2315850 2314457
9097016 9097011
18736388 18735270
10512555 10512339
6106276 6103768
772155 770715
13713828 13713629
15437532 15436930
huaiqilaile
huaiqilaile
5027718 5026309
2618467 2618321
9834620 9834252
13220137 13219941
1415104 1414735
18740908 18740725
9890232 9887962
2166966 2163924
1064670 1064215
1730108 1729609
10830110 10830072
13486042 13485764
4433173 4431797
3739086 3738427
6522326 6522158
18559602 18559591
7519338 7518747
6879944 6879759
11544002 11543214
15357691 15356772
7088590 7088406
2438014 2437747
4822174 4821732
7102910 7102251
13247233 13246994
1334698 1334413
17782525 17782524
363240 361061
3305870 3305158
99225 97766
7896648 7896256
1413451 1411133
9889499 9888936
7563760 7563235
9350852 9350687
546210 545243
1985576 1985058
10109786 10109162
2400901 2398951
11395526 11394881
14325981 14325727
8635050 8633209
2609302 2606665
12376591 12376460
8254092 8252964
12789088 12787193
16221716 16220456
13161444 13160645
14772687 14772468
1298819 1294520
14261527 14261268
8133486 8133366
11238714 11238189
8005204 8004429
11246750 11246172
10570764 10570614
3241896 3240980
10850065 10849799
7267206 7266411
17321944 17321753
11728056 11728025
4775662 4773436
4095060 4094781
559207 555499
2775216 2773234
7802386 7799766
6901740 6901626
7929332 7929236
11781805 11781708
366830 362167
5546138 5545959
773606 772275
17922476 17922321
2917252 2915879
12402938 12401482
3367716 3364431
2204472 2203184
8298856 8298739
